Построение начато 13.04.2017 20:37:31.
     1>Проект "C:\Users\Валерий\Documents\Visual Studio 2010\Methods\Methods7\OOP2\OOP2\OOP2.vcxproj" в узле 2 (целевые объекты build).
     1>InitializeBuildStatus:
         Создание "Debug\OOP2.unsuccessfulbuild", так как было задано "AlwaysCreate".
       ClCompile:
         C:\Program Files (x86)\Microsoft Visual Studio 10.0\VC\bin\CL.exe /c /ZI /nologo /W3 /WX- /Od /Oy- /D WIN32 /D _DEBUG /D _CONSOLE /D _UNICODE /D UNICODE /Gm /EHsc /RTC1 /MDd /GS /fp:precise /Zc:wchar_t /Zc:forScope /Fo"Debug\\" /Fd"Debug\vc100.pdb" /Gd /TP /analyze- /errorReport:prompt functions.cpp
         functions.cpp
     1>c:\users\валерий\documents\visual studio 2010\methods\methods7\oop2\oop2\functions.cpp(288): warning C4018: '<' : signed/unsigned mismatch
       ManifestResourceCompile:
         Для всех выходных данных обновления не требуется.
       Link:
         C:\Program Files (x86)\Microsoft Visual Studio 10.0\VC\bin\link.exe /ERRORREPORT:PROMPT /OUT:"C:\Users\Валерий\Documents\Visual Studio 2010\Methods\Methods7\OOP2\Debug\OOP2.exe" /INCREMENTAL /NOLOGO kernel32.lib user32.lib gdi32.lib winspool.lib comdlg32.lib advapi32.lib shell32.lib ole32.lib oleaut32.lib uuid.lib odbc32.lib odbccp32.lib /MANIFEST /ManifestFile:"Debug\OOP2.exe.intermediate.manifest" /MANIFESTUAC:"level='asInvoker' uiAccess='false'" /DEBUG /PDB:"C:\Users\Валерий\Documents\Visual Studio 2010\Methods\Methods7\OOP2\Debug\OOP2.pdb" /SUBSYSTEM:CONSOLE /TLBID:1 /DYNAMICBASE /NXCOMPAT /IMPLIB:"C:\Users\Валерий\Documents\Visual Studio 2010\Methods\Methods7\OOP2\Debug\OOP2.lib" /MACHINE:X86 Debug\OOP2.exe.embed.manifest.res
         Debug\client.obj
         Debug\functions.obj
         Debug\tests.obj
       Manifest:
         C:\Program Files (x86)\Microsoft SDKs\Windows\v7.0A\bin\mt.exe /nologo /verbose /out:"Debug\OOP2.exe.embed.manifest" /manifest Debug\OOP2.exe.intermediate.manifest
         Для всех выходных данных обновления не требуется.
       LinkEmbedManifest:
         Для всех выходных данных обновления не требуется.
         OOP2.vcxproj -> C:\Users\Валерий\Documents\Visual Studio 2010\Methods\Methods7\OOP2\Debug\OOP2.exe
       FinalizeBuildStatus:
         Файл "Debug\OOP2.unsuccessfulbuild" удаляется.
         Обращение к "Debug\OOP2.lastbuildstate".
     1>Построение проекта "C:\Users\Валерий\Documents\Visual Studio 2010\Methods\Methods7\OOP2\OOP2\OOP2.vcxproj" завершено (целевые объекты build).

Построение успешно завершено.

Затраченное время: 00:00:00.77
